<?xml version="1.0" encoding="UTF-8"?>
<!-- Generated by org.testng.reporters.JUnitXMLReporter -->
<testsuite hostname="infom-expin16" ignored="0" name="Surefire test" tests="6" failures="0" timestamp="2020-08-05T15:45:40 IST" time="0.077" errors="0">
  <testcase name="iosApp" time="0.005" classname="selenium.MavenProject.AppiumTest"/>
  <testcase name="nativeApp" time="0.001" classname="selenium.MavenProject.AppiumTest"/>
  <testcase name="deleteTwitter" time="0.001" classname="selenium.MavenProject.RestAPITest"/>
  <testcase name="postjira" time="0.001" classname="selenium.MavenProject.RestAPITest"/>
  <testcase name="browserAutomation" time="0.001" classname="selenium.MavenProject.SeleniumTest"/>
  <testcase name="elementUI" time="0.001" classname="selenium.MavenProject.SeleniumTest"/>
</testsuite> <!-- Surefire test -->
