<?xml version="1.0" encoding="UTF-8"?>
<!-- Generated by org.testng.reporters.JUnitXMLReporter -->
<testsuite hostname="infom-expin16" ignored="0" name="Test" tests="6" failures="0" timestamp="2020-08-06T11:37:19 IST" time="0.07" errors="0">
  <testcase name="deleteTwitter" time="0.009" classname="selenium.MavenProject.RestAPITest"/>
  <testcase name="postjira" time="0.001" classname="selenium.MavenProject.RestAPITest"/>
  <testcase name="browserAutomation" time="0.001" classname="selenium.MavenProject.SeleniumTest"/>
  <testcase name="elementUI" time="0.001" classname="selenium.MavenProject.SeleniumTest"/>
  <testcase name="iosApp" time="0.002" classname="selenium.MavenProject.AppiumTest"/>
  <testcase name="nativeApp" time="0.001" classname="selenium.MavenProject.AppiumTest"/>
</testsuite> <!-- Test -->
