<?xml version="1.0" encoding="UTF-8"?>
<!-- Generated by org.testng.reporters.JUnitXMLReporter -->
<testsuite hostname="infom-expin16" ignored="0" name="Test" tests="4" failures="0" timestamp="2020-08-05T15:58:29 IST" time="0.051" errors="0">
  <testcase name="deleteTwitter" time="0.005" classname="selenium.MavenProject.RestAPITest"/>
  <testcase name="postjira" time="0.0" classname="selenium.MavenProject.RestAPITest"/>
  <testcase name="browserAutomation" time="0.0" classname="selenium.MavenProject.SeleniumTest"/>
  <testcase name="elementUI" time="0.001" classname="selenium.MavenProject.SeleniumTest"/>
</testsuite> <!-- Test -->
